[2016-03-11 09:10:43] INFO  WEBrick 1.3.1
[2016-03-11 09:10:43] INFO  ruby 2.2.3 (2015-08-18) [x86_64-linux]
[2016-03-11 09:10:43] INFO  WEBrick::HTTPServer#start: pid=8993 port=3000
A server is already running. Check /home/greenacy/greenacy/tmp/pids/server.pid.
=> Booting WEBrick
=> Rails 4.2.4 application starting in development on http://45.33.75.125:3000
=> Run `rails server -h` for more startup options
=> Ctrl-C to shutdown server
Exiting
[2016-03-15 05:30:41] FATAL SignalException: SIGTERM
	/home/greenacy/.rbenv/versions/2.2.3/lib/ruby/2.2.0/webrick/server.rb:174:in `select'
	/home/greenacy/.rbenv/versions/2.2.3/lib/ruby/2.2.0/webrick/server.rb:174:in `block in start'
	/home/greenacy/.rbenv/versions/2.2.3/lib/ruby/2.2.0/webrick/server.rb:32:in `start'
	/home/greenacy/.rbenv/versions/2.2.3/lib/ruby/2.2.0/webrick/server.rb:162:in `start'
	/home/greenacy/.rbenv/versions/2.2.3/lib/ruby/gems/2.2.0/gems/rack-1.6.4/lib/rack/handler/webrick.rb:34:in `run'
	/home/greenacy/.rbenv/versions/2.2.3/lib/ruby/gems/2.2.0/gems/rack-1.6.4/lib/rack/server.rb:286:in `start'
	/home/greenacy/.rbenv/versions/2.2.3/lib/ruby/gems/2.2.0/gems/railties-4.2.4/lib/rails/commands/server.rb:80:in `start'
	/home/greenacy/.rbenv/versions/2.2.3/lib/ruby/gems/2.2.0/gems/railties-4.2.4/lib/rails/commands/commands_tasks.rb:80:in `block in server'
	/home/greenacy/.rbenv/versions/2.2.3/lib/ruby/gems/2.2.0/gems/railties-4.2.4/lib/rails/commands/commands_tasks.rb:75:in `tap'
	/home/greenacy/.rbenv/versions/2.2.3/lib/ruby/gems/2.2.0/gems/railties-4.2.4/lib/rails/commands/commands_tasks.rb:75:in `server'
	/home/greenacy/.rbenv/versions/2.2.3/lib/ruby/gems/2.2.0/gems/railties-4.2.4/lib/rails/commands/commands_tasks.rb:39:in `run_command!'
	/home/greenacy/.rbenv/versions/2.2.3/lib/ruby/gems/2.2.0/gems/railties-4.2.4/lib/rails/commands.rb:17:in `<top (required)>'
	bin/rails:4:in `require'
	bin/rails:4:in `<main>'
[2016-03-15 05:30:41] INFO  going to shutdown ...
[2016-03-15 05:30:41] INFO  WEBrick::HTTPServer#start done.
=> Booting WEBrick
=> Rails 4.2.4 application starting in development on http://localhost:3000
=> Run `rails server -h` for more startup options
=> Ctrl-C to shutdown server
Exiting
